#
# There is insufficient memory for the Java Runtime Environment to continue.
# Native memory allocation (malloc) failed to allocate 1048576 bytes for AllocateHeap
# Possible reasons:
#   The system is out of physical RAM or swap space
#   The process is running with CompressedOops enabled, and the Java Heap may be blocking the growth of the native heap
# Possible solutions:
#   Reduce memory load on the system
#   Increase physical memory or swap space
#   Check if swap backing store is full
#   Decrease Java heap size (-Xmx/-Xms)
#   Decrease number of Java threads
#   Decrease Java thread stack sizes (-Xss)
#   Set larger code cache with -XX:ReservedCodeCacheSize=
#   JVM is running with Unscaled Compressed Oops mode in which the Java heap is
#     placed in the first 4GB address space. The Java Heap base address is the
#     maximum limit for the native heap growth. Please use -XX:HeapBaseMinAddress
#     to set the Java Heap base and to place the Java Heap above 4GB virtual address.
# This output file may be truncated or incomplete.
#
#  Out of Memory Error (allocation.cpp:44), pid=32020, tid=2028
#
# JRE version:  (17.0.5+9) (build )
# Java VM: Java HotSpot(TM) 64-Bit Server VM (17.0.5+9-LTS-191, mixed mode, sharing, tiered, compressed oops, compressed class ptrs, g1 gc, windows-amd64)
# No core dump will be written. Minidumps are not enabled by default on client versions of Windows
#

---------------  S U M M A R Y ------------

Command Line: -Dmaven.multiModuleProjectDirectory=C:\Users\AUM SONI\OneDrive\Desktop\COURSES\ECommerce\ecommerceBE -Djansi.passthrough=true -Dmaven.home=C:\Users\AUM SONI\.m2\wrapper\dists\apache-maven-3.9.5-bin\2adeog8mj13csp1uusqnc1f2mo\apache-maven-3.9.5 -Dclassworlds.conf=C:\Users\AUM SONI\.m2\wrapper\dists\apache-maven-3.9.5-bin\2adeog8mj13csp1uusqnc1f2mo\apache-maven-3.9.5\bin\m2.conf -Dmaven.ext.class.path=C:\Program Files\JetBrains\IntelliJ IDEA Community Edition 2022.3.1\plugins\maven\lib\maven-event-listener.jar -javaagent:C:\Program Files\JetBrains\IntelliJ IDEA Community Edition 2022.3.1\lib\idea_rt.jar=51314:C:\Program Files\JetBrains\IntelliJ IDEA Community Edition 2022.3.1\bin -Dfile.encoding=UTF-8 org.codehaus.classworlds.Launcher -Didea.version=2024.1 clean

Host: Intel(R) Core(TM) i5-10300H CPU @ 2.50GHz, 8 cores, 7G,  Windows 10 , 64 bit Build 19041 (10.0.19041.3636)
Time: Sun Apr 14 15:49:14 2024 Eastern Daylight Time elapsed time: 0.017620 seconds (0d 0h 0m 0s)

---------------  T H R E A D  ---------------

Current thread (0x00000221b7188450):  JavaThread "Unknown thread" [_thread_in_vm, id=2028, stack(0x00000077baa00000,0x00000077bab00000)]

Stack: [0x00000077baa00000,0x00000077bab00000]
Native frames: (J=compiled Java code, j=interpreted, Vv=VM code, C=native code)
V  [jvm.dll+0x672eea]
V  [jvm.dll+0x7d2a04]
V  [jvm.dll+0x7d41ae]
V  [jvm.dll+0x7d4813]
V  [jvm.dll+0x242c15]
V  [jvm.dll+0xa4b93]
V  [jvm.dll+0x2d3e34]
V  [jvm.dll+0x7a44ac]
V  [jvm.dll+0x365df1]
V  [jvm.dll+0x7838fc]
V  [jvm.dll+0x3e873f]
V  [jvm.dll+0x3ea1e1]
C  [jli.dll+0x527b]
C  [ucrtbase.dll+0x21bb2]
C  [KERNEL32.DLL+0x17344]
C  [ntdll.dll+0x526b1]


---------------  P R O C E S S  ---------------

Threads class SMR info:
_java_thread_list=0x00007ffdb228a8d8, length=0, elements={
}

Java Threads: ( => current thread )

Other Threads:

=>0x00000221b7188450 (exited) JavaThread "Unknown thread" [_thread_in_vm, id=2028, stack(0x00000077baa00000,0x00000077bab00000)]

Threads with active compile tasks:

VM state: not at safepoint (not fully initialized)

VM Mutex/Monitor currently owned by a thread: None

Heap address: 0x0000000000000000, size: 0 MB, Compressed Oops mode: 32-bit

CDS archive(s) mapped at: [0x0000000000000000-0x0000000000000000-0x0000000000000000), size 0, SharedBaseAddress: 0x0000000800000000, ArchiveRelocationMode: 0.
Narrow klass base: 0x0000000000000000, Narrow klass shift: 0, Narrow klass range: 0x0

GC Precious Log:
<Empty>

GC Heap History (0 events):
No events

Deoptimization events (0 events):
No events

Classes unloaded (0 events):
No events

Classes redefined (0 events):
No events

Internal exceptions (0 events):
No events

VM Operations (0 events):
No events

Events (1 events):
Event: 0.013 Loaded shared library C:\Program Files\Java\jdk-17.0.5\bin\java.dll


Dynamic libraries:
0x00007ff7a9840000 - 0x00007ff7a9850000 	C:\Program Files\Java\jdk-17.0.5\bin\java.exe
0x00007ffe5ed50000 - 0x00007ffe5ef48000 	C:\Windows\SYSTEM32\ntdll.dll
0x00007ffe5cf60000 - 0x00007ffe5d01d000 	C:\Windows\System32\KERNEL32.DLL
0x00007ffe5c840000 - 0x00007ffe5cb36000 	C:\Windows\System32\KERNELBASE.dll
0x00007ffe5cbd0000 - 0x00007ffe5ccd0000 	C:\Windows\System32\ucrtbase.dll
0x00007ffe2e320000 - 0x00007ffe2e338000 	C:\Program Files\Java\jdk-17.0.5\bin\jli.dll
0x00007ffe2e300000 - 0x00007ffe2e31a000 	C:\Program Files\Java\jdk-17.0.5\bin\VCRUNTIME140.dll
0x00007ffe5e840000 - 0x00007ffe5e8f0000 	C:\Windows\System32\ADVAPI32.dll
0x00007ffe5e2f0000 - 0x00007ffe5e38e000 	C:\Windows\System32\msvcrt.dll
0x00007ffe5ec40000 - 0x00007ffe5ece0000 	C:\Windows\System32\sechost.dll
0x00007ffe5d020000 - 0x00007ffe5d143000 	C:\Windows\System32\RPCRT4.dll
0x00007ffe5c4a0000 - 0x00007ffe5c4c7000 	C:\Windows\System32\bcrypt.dll
0x00007ffe5e0e0000 - 0x00007ffe5e27f000 	C:\Windows\System32\USER32.dll
0x00007ffe5c4d0000 - 0x00007ffe5c4f2000 	C:\Windows\System32\win32u.dll
0x00007ffe3e570000 - 0x00007ffe3e80a000 	C:\Windows\WinSxS\amd64_microsoft.windows.common-controls_6595b64144ccf1df_6.0.19041.3636_none_60b6a03d71f818d5\COMCTL32.dll
0x00007ffe5ece0000 - 0x00007ffe5ed0b000 	C:\Windows\System32\GDI32.dll
0x00007ffe5c500000 - 0x00007ffe5c617000 	C:\Windows\System32\gdi32full.dll
0x00007ffe5c400000 - 0x00007ffe5c49d000 	C:\Windows\System32\msvcp_win.dll
0x00007ffe55940000 - 0x00007ffe5594a000 	C:\Windows\SYSTEM32\VERSION.dll
0x00007ffe5ec00000 - 0x00007ffe5ec32000 	C:\Windows\System32\IMM32.DLL
0x00007ffe2e400000 - 0x00007ffe2e40c000 	C:\Program Files\Java\jdk-17.0.5\bin\vcruntime140_1.dll
0x00007ffe04910000 - 0x00007ffe0499d000 	C:\Program Files\Java\jdk-17.0.5\bin\msvcp140.dll
0x00007ffdb17f0000 - 0x00007ffdb23b2000 	C:\Program Files\Java\jdk-17.0.5\bin\server\jvm.dll
0x00007ffe5e980000 - 0x00007ffe5e988000 	C:\Windows\System32\PSAPI.DLL
0x00007ffe492d0000 - 0x00007ffe492f7000 	C:\Windows\SYSTEM32\WINMM.dll
0x00007ffe39ff0000 - 0x00007ffe39ff9000 	C:\Windows\SYSTEM32\WSOCK32.dll
0x00007ffe5e280000 - 0x00007ffe5e2eb000 	C:\Windows\System32\WS2_32.dll
0x00007ffe5abe0000 - 0x00007ffe5abf2000 	C:\Windows\SYSTEM32\kernel.appcore.dll
0x00007ffe28620000 - 0x00007ffe2862a000 	C:\Program Files\Java\jdk-17.0.5\bin\jimage.dll
0x00007ffe5a8d0000 - 0x00007ffe5aab4000 	C:\Windows\SYSTEM32\DBGHELP.DLL
0x00007ffe52f40000 - 0x00007ffe52f74000 	C:\Windows\SYSTEM32\dbgcore.DLL
0x00007ffe5cb40000 - 0x00007ffe5cbc2000 	C:\Windows\System32\bcryptPrimitives.dll
0x00007ffe28610000 - 0x00007ffe2861e000 	C:\Program Files\Java\jdk-17.0.5\bin\instrument.dll
0x00007ffe27570000 - 0x00007ffe27595000 	C:\Program Files\Java\jdk-17.0.5\bin\java.dll

dbghelp: loaded successfully - version: 4.0.5 - missing functions: none
symbol engine: initialized successfully - sym options: 0x614 - pdb path: .;C:\Program Files\Java\jdk-17.0.5\bin;C:\Windows\SYSTEM32;C:\Windows\WinSxS\amd64_microsoft.windows.common-controls_6595b64144ccf1df_6.0.19041.3636_none_60b6a03d71f818d5;C:\Program Files\Java\jdk-17.0.5\bin\server

VM Arguments:
jvm_args: -Dmaven.multiModuleProjectDirectory=C:\Users\AUM SONI\OneDrive\Desktop\COURSES\ECommerce\ecommerceBE -Djansi.passthrough=true -Dmaven.home=C:\Users\AUM SONI\.m2\wrapper\dists\apache-maven-3.9.5-bin\2adeog8mj13csp1uusqnc1f2mo\apache-maven-3.9.5 -Dclassworlds.conf=C:\Users\AUM SONI\.m2\wrapper\dists\apache-maven-3.9.5-bin\2adeog8mj13csp1uusqnc1f2mo\apache-maven-3.9.5\bin\m2.conf -Dmaven.ext.class.path=C:\Program Files\JetBrains\IntelliJ IDEA Community Edition 2022.3.1\plugins\maven\lib\maven-event-listener.jar -javaagent:C:\Program Files\JetBrains\IntelliJ IDEA Community Edition 2022.3.1\lib\idea_rt.jar=51314:C:\Program Files\JetBrains\IntelliJ IDEA Community Edition 2022.3.1\bin -Dfile.encoding=UTF-8 
java_command: org.codehaus.classworlds.Launcher -Didea.version=2024.1 clean
java_class_path (initial): C:\Users\AUM SONI\.m2\wrapper\dists\apache-maven-3.9.5-bin\2adeog8mj13csp1uusqnc1f2mo\apache-maven-3.9.5\boot\plexus-classworlds-2.7.0.jar;C:\Users\AUM SONI\.m2\wrapper\dists\apache-maven-3.9.5-bin\2adeog8mj13csp1uusqnc1f2mo\apache-maven-3.9.5\boot\plexus-classworlds.license
Launcher Type: SUN_STANDARD

[Global flags]
     intx CICompilerCount                          = 4                                         {product} {ergonomic}
     uint ConcGCThreads                            = 2                                         {product} {ergonomic}
     uint G1ConcRefinementThreads                  = 8                                         {product} {ergonomic}
   size_t G1HeapRegionSize                         = 1048576                                   {product} {ergonomic}
    uintx GCDrainStackTargetSize                   = 64                                        {product} {ergonomic}
   size_t InitialHeapSize                          = 132120576                                 {product} {ergonomic}
   size_t MarkStackSize                            = 4194304                                   {product} {ergonomic}
   size_t MaxHeapSize                              = 2095054848                                {product} {ergonomic}
   size_t MinHeapDeltaBytes                        = 1048576                                   {product} {ergonomic}
   size_t MinHeapSize                              = 8388608                                   {product} {ergonomic}
    uintx NonNMethodCodeHeapSize                   = 5839372                                {pd product} {ergonomic}
    uintx NonProfiledCodeHeapSize                  = 122909434                              {pd product} {ergonomic}
    uintx ProfiledCodeHeapSize                     = 122909434                              {pd product} {ergonomic}
    uintx ReservedCodeCacheSize                    = 251658240                              {pd product} {ergonomic}
     bool SegmentedCodeCache                       = true                                      {product} {ergonomic}
   size_t SoftMaxHeapSize                          = 2095054848                             {manageable} {ergonomic}
     bool UseCompressedClassPointers               = true                           {product lp64_product} {ergonomic}
     bool UseCompressedOops                        = true                           {product lp64_product} {ergonomic}
     bool UseG1GC                                  = true                                      {product} {ergonomic}
     bool UseLargePagesIndividualAllocation        = false                                  {pd product} {ergonomic}

Logging:
Log output configuration:
 #0: stdout all=warning uptime,level,tags
 #1: stderr all=off uptime,level,tags

Environment Variables:
PATH=C:\Program Files\OpenSSL-Win64\bin;C:\Program Files\Common Files\Oracle\Java\javapath;C:\Python39\Scripts\;C:\Python39\;C:\Windows\system32;C:\Windows;C:\Windows\System32\Wbem;C:\Windows\System32\WindowsPowerShell\v1.0\;C:\Windows\System32\OpenSSH\;C:\Program Files (x86)\NVIDIA Corporation\PhysX\Common;C:\Program Files\NVIDIA Corporation\NVIDIA NvDLISR;C:\Program Files\PuTTY\;C:\ProgramData\chocolatey\bin;C:\Users\AUM SONI\AppData\Local\Programs\Python\Python310\;C:\Users\AUM SONI\AppData\Local\Programs\Python\Python310\Scripts\;C:\Program Files\dotnet\;C:\mingw64\bin;C:\Users\AUM SONI\AppData\Roaming\nvm;C:\Program Files\nodejs;C:\Program Files\MySQL\MySQL Server 8.0\bin;C:\Program Files\Microsoft SQL Server\150\Tools\Binn\;C:\Program Files\Microsoft SQL Server\Client SDK\ODBC\170\Tools\Binn\;C:\Program Files\nodejs\;C:\Program Files\Git\cmd;C:\Program Files\Curl;C:\Program Files\Docker\Docker\resources\bin;C:\Program Files\Amazon\AWSCLIV2\;C:\Program Files\Java\jdk-17.0.5\bin;C:\Users\AUM SONI\scoop\shims;C:\Users\AUM SONI\AppData\Local\Microsoft\WindowsApps;C:\Users\AUM SONI\Bin;C:\Users\AUM SONI\AppData\Local\Programs\Microsoft VS Code\bin;C:\Android\platform-tools;C:\Program Files\heroku\bin;C:\Users\AUM SONI\AppData\Local\Programs\Hyper\resources\bin;C:\Users\AUM SONI\AppData\Roaming\nvm;C:\Program Files\nodejs;C:\Users\AUM SONI\.dotnet\tools;C:\Users\AUM SONI\AppData\Roaming\npm;C:\Users\AUM SONI\AppData\Local\Microsoft\WinGet\Packages\jqlang.jq_Microsoft.Winget.Source_8wekyb3d8bbwe;
USERNAME=AUM SONI
OS=Windows_NT
PROCESSOR_IDENTIFIER=Intel64 Family 6 Model 165 Stepping 2, GenuineIntel



---------------  S Y S T E M  ---------------

OS:
 Windows 10 , 64 bit Build 19041 (10.0.19041.3636)
OS uptime: 3 days 15:33 hours
Hyper-V role detected

CPU: total 8 (initial active 8) (4 cores per cpu, 2 threads per core) family 6 model 165 stepping 2 microcode 0xf8, cx8, cmov, fxsr, ht, mmx, 3dnowpref, sse, sse2, sse3, ssse3, sse4.1, sse4.2, popcnt, lzcnt, tsc, tscinvbit, avx, avx2, aes, erms, clmul, bmi1, bmi2, adx, fma, vzeroupper, clflush, clflushopt, hv

Memory: 4k page, system-wide physical 7985M (122M free)
TotalPageFile size 32561M (AvailPageFile size 4M)
current process WorkingSet (physical memory assigned to process): 9M, peak: 9M
current process commit charge ("private bytes"): 17M, peak: 18M

vm_info: Java HotSpot(TM) 64-Bit Server VM (17.0.5+9-LTS-191) for windows-amd64 JRE (17.0.5+9-LTS-191), built on Sep 13 2022 17:31:43 by "mach5one" with MS VC++ 16.8 / 16.9 (VS2019)

END.
